app/build/outputs/logs/manifest-merger-debug-report.txt
-- Merging decision tree log ---
manifest
ADDED from src\main\AndroidManifest.xml:2:1-85:12
	package
		ADDED from src\main\AndroidManifest.xml:3:5-38
		INJECTED from src\main\AndroidManifest.xml
		INJECTED from src\main\AndroidManifest.xml
	android:versionName
		INJECTED from src\main\AndroidManifest.xml
		INJECTED from src\main\AndroidManifest.xml
	xmlns:android
		ADDED from src\main\AndroidManifest.xml:2:11-69
	android:versionCode
		INJECTED from src\main\AndroidManifest.xml
		INJECTED from src\main\AndroidManifest.xml
uses-permission#android.permission.INTERNET
ADDED from src\main\AndroidManifest.xml:6:5-67
	android:name
		ADDED from src\main\AndroidManifest.xml:6:22-64
uses-permission#android.permission.ACCESS_NETWORK_STATE
ADDED from src\main\AndroidManifest.xml:7:5-79
	android:name
		ADDED from src\main\AndroidManifest.xml:7:22-76
uses-permission#android.permission.ACCESS_WIFI_STATE
ADDED from src\main\AndroidManifest.xml:8:5-76
	android:name
		ADDED from src\main\AndroidManifest.xml:8:22-73
uses-permission#android.permission.READ_PHONE_STATE
ADDED from src\main\AndroidManifest.xml:9:5-75
	android:name
		ADDED from src\main\AndroidManifest.xml:9:22-72
uses-permission#android.permission.WRITE_EXTERNAL_STORAGE
ADDED from src\main\AndroidManifest.xml:10:5-81
	android:name
		ADDED from src\main\AndroidManifest.xml:10:22-78
uses-permission#android.permission.RECEIVE_USER_PRESENT
ADDED from src\main\AndroidManifest.xml:12:5-79
	android:name
		ADDED from src\main\AndroidManifest.xml:12:22-76
uses-permission#android.permission.RECEIVE_BOOT_COMPLETED
ADDED from src\main\AndroidManifest.xml:13:5-81
	android:name
		ADDED from src\main\AndroidManifest.xml:13:22-78
application
ADDED from src\main\AndroidManifest.xml:15:5-83:19
MERGED from [com.android.support:appcompat-v7:23.0.0] AndroidManifest.xml:22:5-20
MERGED from [com.android.support:support-v4:23.0.0] AndroidManifest.xml:22:5-20
MERGED from [cn.bmob.android:bmob-sdk:3.5.0] AndroidManifest.xml:11:5-14:19
MERGED from [cn.bmob.android:bmob-im:2.0.5] AndroidManifest.xml:11:5-15:19
	android:label
		ADDED from src\main\AndroidManifest.xml:18:9-41
	android:supportsRtl
		ADDED from src\main\AndroidManifest.xml:19:9-35
	android:allowBackup
		ADDED from src\main\AndroidManifest.xml:16:9-35
	android:icon
		ADDED from src\main\AndroidManifest.xml:17:9-43
	android:theme
		ADDED from src\main\AndroidManifest.xml:20:9-43
activity#com.xiaxiao.xiaoandroid.AdapterActivity
ADDED from src\main\AndroidManifest.xml:21:9-27:20
	android:name
		ADDED from src\main\AndroidManifest.xml:21:19-50
intent-filter#android.intent.action.MAIN+android.intent.category.LAUNCHER
ADDED from src\main\AndroidManifest.xml:22:13-26:29
action#android.intent.action.MAIN
ADDED from src\main\AndroidManifest.xml:23:17-69
	android:name
		ADDED from src\main\AndroidManifest.xml:23:25-66
category#android.intent.category.LAUNCHER
ADDED from src\main\AndroidManifest.xml:25:17-77
	android:name
		ADDED from src\main\AndroidManifest.xml:25:27-74
activity#com.xiaxiao.xiaoandroid.customview.BaseActivity
ADDED from src\main\AndroidManifest.xml:28:9-29:20
	android:name
		ADDED from src\main\AndroidManifest.xml:28:19-58
activity#com.xiaxiao.xiaoandroid.TestActivity
ADDED from src\main\AndroidManifest.xml:30:9-31:20
	android:name
		ADDED from src\main\AndroidManifest.xml:30:19-47
service#cn.bmob.push.lib.service.PushService
ADDED from src\main\AndroidManifest.xml:33:9-41:19
	android:process
		ADDED from src\main\AndroidManifest.xml:37:13-40
	android:label
		ADDED from src\main\AndroidManifest.xml:36:13-40
	android:exported
		ADDED from src\main\AndroidManifest.xml:35:13-36
	android:name
		ADDED from src\main\AndroidManifest.xml:34:13-64
intent-filter#cn.bmob.push.lib.service.PushService
ADDED from src\main\AndroidManifest.xml:38:13-40:29
action#cn.bmob.push.lib.service.PushService
ADDED from src\main\AndroidManifest.xml:39:17-79
	android:name
		ADDED from src\main\AndroidManifest.xml:39:25-76
service#cn.bmob.push.lib.service.PushNotifyService
ADDED from src\main\AndroidManifest.xml:44:9-47:19
	android:process
		ADDED from src\main\AndroidManifest.xml:46:13-40
	android:name
		ADDED from src\main\AndroidManifest.xml:45:13-70
receiver#cn.bmob.push.PushReceiver
ADDED from src\main\AndroidManifest.xml:49:9-59:20
	android:name
		ADDED from src\main\AndroidManifest.xml:49:19-59
intent-filter#android.intent.action.BOOT_COMPLETED+android.intent.action.USER_PRESENT+android.net.conn.CONNECTIVITY_CHANGE
ADDED from src\main\AndroidManifest.xml:50:13-58:29
action#android.intent.action.BOOT_COMPLETED
ADDED from src\main\AndroidManifest.xml:53:17-79
	android:name
		ADDED from src\main\AndroidManifest.xml:53:25-76
action#android.intent.action.USER_PRESENT
ADDED from src\main\AndroidManifest.xml:55:17-77
	android:name
		ADDED from src\main\AndroidManifest.xml:55:25-74
action#android.net.conn.CONNECTIVITY_CHANGE
ADDED from src\main\AndroidManifest.xml:57:17-79
	android:name
		ADDED from src\main\AndroidManifest.xml:57:25-76
receiver#com.xiaxiao.xiaoandroid.thirdframework.bmob.MyPushMessageReceiver
ADDED from src\main\AndroidManifest.xml:62:9-66:20
	android:name
		ADDED from src\main\AndroidManifest.xml:62:19-76
intent-filter#cn.bmob.push.action.MESSAGE
ADDED from src\main\AndroidManifest.xml:63:13-65:29
action#cn.bmob.push.action.MESSAGE
ADDED from src\main\AndroidManifest.xml:64:17-70
	android:name
		ADDED from src\main\AndroidManifest.xml:64:25-67
receiver#cn.bmob.push.PushNotifyReceiver
ADDED from src\main\AndroidManifest.xml:69:9-79:20
	android:process
		ADDED from src\main\AndroidManifest.xml:71:13-40
	android:name
		ADDED from src\main\AndroidManifest.xml:70:13-59
intent-filter#cn.bmob.push.action.HEARTBEAT+cn.bmob.push.action.NOTIFY
ADDED from src\main\AndroidManifest.xml:72:13-78:29
action#cn.bmob.push.action.HEARTBEAT
ADDED from src\main\AndroidManifest.xml:75:17-72
	android:name
		ADDED from src\main\AndroidManifest.xml:75:25-69
action#cn.bmob.push.action.NOTIFY
ADDED from src\main\AndroidManifest.xml:77:17-69
	android:name
		ADDED from src\main\AndroidManifest.xml:77:25-66
activity#com.xiaxiao.xiaoandroid.MainActivity
ADDED from src\main\AndroidManifest.xml:81:9-82:20
	android:name
		ADDED from src\main\AndroidManifest.xml:81:19-47
uses-sdk
INJECTED from src\main\AndroidManifest.xml reason: use-sdk injection requested
MERGED from [com.android.support:appcompat-v7:23.0.0] AndroidManifest.xml:20:5-43
MERGED from [com.android.support:support-v4:23.0.0] AndroidManifest.xml:20:5-43
MERGED from [cn.bmob.android:bmob-sdk:3.5.0] AndroidManifest.xml:7:5-9:41
MERGED from [cn.bmob.android:bmob-im:2.0.5] AndroidManifest.xml:7:5-9:41
	android:targetSdkVersion
		INJECTED from src\main\AndroidManifest.xml
		INJECTED from src\main\AndroidManifest.xml
	android:minSdkVersion
		INJECTED from src\main\AndroidManifest.xml
		INJECTED from src\main\AndroidManifest.xml